<?xml version="1.0" encoding="UTF-8"?>
<testrun name="MybatisTest" project="mybatis" tests="1" started="1" failures="0" errors="1" ignored="0">
  <testsuite name="com.zhuani21.test.mybatis.MybatisTest" time="0.596">
    <testcase name="findUserViaId" classname="com.zhuani21.test.mybatis.MybatisTest" time="0.596">
      <error>org.apache.ibatis.exceptions.PersistenceException: &#13;
### Error querying database.  Cause: java.lang.IllegalArgumentException: Mapped Statements collection does not contain value for user.findUserViaName&#13;
### Cause: java.lang.IllegalArgumentException: Mapped Statements collection does not contain value for user.findUserViaName&#13;
	at org.apache.ibatis.exceptions.ExceptionFactory.wrapException(ExceptionFactory.java:26)&#13;
	at org.apache.ibatis.session.defaults.DefaultSqlSession.selectList(DefaultSqlSession.java:111)&#13;
	at org.apache.ibatis.session.defaults.DefaultSqlSession.selectList(DefaultSqlSession.java:102)&#13;
	at com.zhuani21.test.mybatis.MybatisTest.viaNameTest(MybatisTest.java:34)&#13;
	at com.zhuani21.test.mybatis.MybatisTest.findUserViaId(MybatisTest.java:28)&#13;
	at sun.reflect.NativeMethodAccessorImpl.invoke0(Native Method)&#13;
	at sun.reflect.NativeMethodAccessorImpl.invoke(NativeMethodAccessorImpl.java:39)&#13;
	at sun.reflect.DelegatingMethodAccessorImpl.invoke(DelegatingMethodAccessorImpl.java:25)&#13;
	at java.lang.reflect.Method.invoke(Method.java:597)&#13;
	at org.junit.runners.model.FrameworkMethod$1.runReflectiveCall(FrameworkMethod.java:45)&#13;
	at org.junit.internal.runners.model.ReflectiveCallable.run(ReflectiveCallable.java:15)&#13;
	at org.junit.runners.model.FrameworkMethod.invokeExplosively(FrameworkMethod.java:42)&#13;
	at org.junit.internal.runners.statements.InvokeMethod.evaluate(InvokeMethod.java:20)&#13;
	at org.junit.runners.ParentRunner.runLeaf(ParentRunner.java:263)&#13;
	at org.junit.runners.BlockJUnit4ClassRunner.runChild(BlockJUnit4ClassRunner.java:68)&#13;
	at org.junit.runners.BlockJUnit4ClassRunner.runChild(BlockJUnit4ClassRunner.java:47)&#13;
	at org.junit.runners.ParentRunner$3.run(ParentRunner.java:231)&#13;
	at org.junit.runners.ParentRunner$1.schedule(ParentRunner.java:60)&#13;
	at org.junit.runners.ParentRunner.runChildren(ParentRunner.java:229)&#13;
	at org.junit.runners.ParentRunner.access$000(ParentRunner.java:50)&#13;
	at org.junit.runners.ParentRunner$2.evaluate(ParentRunner.java:222)&#13;
	at org.junit.runners.ParentRunner.run(ParentRunner.java:300)&#13;
	at org.eclipse.jdt.internal.junit4.runner.JUnit4TestReference.run(JUnit4TestReference.java:50)&#13;
	at org.eclipse.jdt.internal.junit.runner.TestExecution.run(TestExecution.java:38)&#13;
	at org.eclipse.jdt.internal.junit.runner.RemoteTestRunner.runTests(RemoteTestRunner.java:459)&#13;
	at org.eclipse.jdt.internal.junit.runner.RemoteTestRunner.runTests(RemoteTestRunner.java:675)&#13;
	at org.eclipse.jdt.internal.junit.runner.RemoteTestRunner.run(RemoteTestRunner.java:382)&#13;
	at org.eclipse.jdt.internal.junit.runner.RemoteTestRunner.main(RemoteTestRunner.java:192)&#13;
Caused by: java.lang.IllegalArgumentException: Mapped Statements collection does not contain value for user.findUserViaName&#13;
	at org.apache.ibatis.session.Configuration$StrictMap.get(Configuration.java:797)&#13;
	at org.apache.ibatis.session.Configuration.getMappedStatement(Configuration.java:631)&#13;
	at org.apache.ibatis.session.Configuration.getMappedStatement(Configuration.java:624)&#13;
	at org.apache.ibatis.session.defaults.DefaultSqlSession.selectList(DefaultSqlSession.java:107)&#13;
	... 26 more&#13;
&#13;
</error>
    </testcase>
  </testsuite>
</testrun>
